0 info it worked if it ends with ok
1 verbose cli [ '/usr/bin/node', '/usr/bin/npm', 'i', '-g', 'n', '8.16.0' ]
2 info using npm@3.5.2
3 info using node@v8.10.0
4 silly loadCurrentTree Starting
5 silly install loadCurrentTree
6 silly install readGlobalPackageData
7 silly fetchPackageMetaData n
8 silly fetchPackageMetaData 8.16.0
9 silly fetchNamedPackageData n
10 silly mapToRegistry name n
11 silly mapToRegistry using default registry
12 silly mapToRegistry registry https://registry.npmjs.org/
13 silly mapToRegistry uri https://registry.npmjs.org/n
14 silly fetchNamedPackageData 8.16.0
15 silly mapToRegistry name 8.16.0
16 silly mapToRegistry using default registry
17 silly mapToRegistry registry https://registry.npmjs.org/
18 silly mapToRegistry uri https://registry.npmjs.org/8.16.0
19 verbose request uri https://registry.npmjs.org/8.16.0
20 verbose request no auth needed
21 info attempt registry request try #1 at 01:54:08
22 verbose request id 0c4ee7946db7949a
23 http request GET https://registry.npmjs.org/8.16.0
24 verbose request uri https://registry.npmjs.org/n
25 verbose request no auth needed
26 info attempt registry request try #1 at 01:54:08
27 verbose etag W/"6d55505ecd7288103ff31dfb3458227a"
28 verbose lastModified Sat, 11 Apr 2020 06:04:19 GMT
29 http request GET https://registry.npmjs.org/n
30 http 304 https://registry.npmjs.org/n
31 verbose headers { date: 'Fri, 15 May 2020 04:54:08 GMT',
31 verbose headers   connection: 'keep-alive',
31 verbose headers   'set-cookie':
31 verbose headers    [ '__cfduid=de43ec2cf4726471c3803da951d33abb41589518448; expires=Sun, 14-Jun-20 04:54:08 GMT; path=/; domain=.npmjs.org; HttpOnly; SameSite=Lax' ],
31 verbose headers   'cf-ray': '593a42617c42d000-GRU',
31 verbose headers   age: '1798',
31 verbose headers   'cache-control': 'public, max-age=300',
31 verbose headers   etag: '"6d55505ecd7288103ff31dfb3458227a"',
31 verbose headers   'last-modified': 'Sat, 11 Apr 2020 06:04:19 GMT',
31 verbose headers   vary: 'Accept-Encoding',
31 verbose headers   'cf-cache-status': 'HIT',
31 verbose headers   'expect-ct': 'max-age=604800, report-uri="https://report-uri.cloudflare.com/cdn-cgi/beacon/expect-ct"',
31 verbose headers   server: 'cloudflare',
31 verbose headers   'cf-request-id': '02b847d0e60000d000bcb23200000001' }
32 silly get cb [ 304,
32 silly get   { date: 'Fri, 15 May 2020 04:54:08 GMT',
32 silly get     connection: 'keep-alive',
32 silly get     'set-cookie':
32 silly get      [ '__cfduid=de43ec2cf4726471c3803da951d33abb41589518448; expires=Sun, 14-Jun-20 04:54:08 GMT; path=/; domain=.npmjs.org; HttpOnly; SameSite=Lax' ],
32 silly get     'cf-ray': '593a42617c42d000-GRU',
32 silly get     age: '1798',
32 silly get     'cache-control': 'public, max-age=300',
32 silly get     etag: '"6d55505ecd7288103ff31dfb3458227a"',
32 silly get     'last-modified': 'Sat, 11 Apr 2020 06:04:19 GMT',
32 silly get     vary: 'Accept-Encoding',
32 silly get     'cf-cache-status': 'HIT',
32 silly get     'expect-ct': 'max-age=604800, report-uri="https://report-uri.cloudflare.com/cdn-cgi/beacon/expect-ct"',
32 silly get     server: 'cloudflare',
32 silly get     'cf-request-id': '02b847d0e60000d000bcb23200000001' } ]
33 verbose etag https://registry.npmjs.org/n from cache
34 verbose get saving n to /home/arthur/.npm/registry.npmjs.org/n/.cache.json
35 http 404 https://registry.npmjs.org/8.16.0
36 verbose headers { date: 'Fri, 15 May 2020 04:54:09 GMT',
36 verbose headers   'content-type': 'application/json',
36 verbose headers   'content-length': '21',
36 verbose headers   connection: 'keep-alive',
36 verbose headers   'set-cookie':
36 verbose headers    [ '__cfduid=d834d62d6cda104e9104b206d17b8a8ec1589518448; expires=Sun, 14-Jun-20 04:54:08 GMT; path=/; domain=.npmjs.org; HttpOnly; SameSite=Lax' ],
36 verbose headers   'cf-ray': '593a4261786ff637-GRU',
36 verbose headers   vary: 'Accept-Encoding',
36 verbose headers   'cf-cache-status': 'MISS',
36 verbose headers   'expect-ct': 'max-age=604800, report-uri="https://report-uri.cloudflare.com/cdn-cgi/beacon/expect-ct"',
36 verbose headers   server: 'cloudflare',
36 verbose headers   'cf-request-id': '02b847d0e70000f637f19bb200000001' }
37 silly get cb [ 404,
37 silly get   { date: 'Fri, 15 May 2020 04:54:09 GMT',
37 silly get     'content-type': 'application/json',
37 silly get     'content-length': '21',
37 silly get     connection: 'keep-alive',
37 silly get     'set-cookie':
37 silly get      [ '__cfduid=d834d62d6cda104e9104b206d17b8a8ec1589518448; expires=Sun, 14-Jun-20 04:54:08 GMT; path=/; domain=.npmjs.org; HttpOnly; SameSite=Lax' ],
37 silly get     'cf-ray': '593a4261786ff637-GRU',
37 silly get     vary: 'Accept-Encoding',
37 silly get     'cf-cache-status': 'MISS',
37 silly get     'expect-ct': 'max-age=604800, report-uri="https://report-uri.cloudflare.com/cdn-cgi/beacon/expect-ct"',
37 silly get     server: 'cloudflare',
37 silly get     'cf-request-id': '02b847d0e70000f637f19bb200000001' } ]
38 silly fetchPackageMetaData Error: Not found : 8.16.0
38 silly fetchPackageMetaData     at makeError (/usr/share/npm/node_modules/npm-registry-client/lib/request.js:264:12)
38 silly fetchPackageMetaData     at CachingRegistryClient.<anonymous> (/usr/share/npm/node_modules/npm-registry-client/lib/request.js:252:14)
38 silly fetchPackageMetaData     at Request._callback (/usr/share/npm/node_modules/npm-registry-client/lib/request.js:172:14)
38 silly fetchPackageMetaData     at Request.self.callback (/usr/share/npm/node_modules/request/request.js:198:22)
38 silly fetchPackageMetaData     at emitTwo (events.js:126:13)
38 silly fetchPackageMetaData     at Request.emit (events.js:214:7)
38 silly fetchPackageMetaData     at Request.<anonymous> (/usr/share/npm/node_modules/request/request.js:1082:10)
38 silly fetchPackageMetaData     at emitOne (events.js:121:20)
38 silly fetchPackageMetaData     at Request.emit (events.js:211:7)
38 silly fetchPackageMetaData     at IncomingMessage.<anonymous> (/usr/share/npm/node_modules/request/request.js:1009:12)
38 silly fetchPackageMetaData  error for 8.16.0 { Error: Not found : 8.16.0
38 silly fetchPackageMetaData     at makeError (/usr/share/npm/node_modules/npm-registry-client/lib/request.js:264:12)
38 silly fetchPackageMetaData     at CachingRegistryClient.<anonymous> (/usr/share/npm/node_modules/npm-registry-client/lib/request.js:252:14)
38 silly fetchPackageMetaData     at Request._callback (/usr/share/npm/node_modules/npm-registry-client/lib/request.js:172:14)
38 silly fetchPackageMetaData     at Request.self.callback (/usr/share/npm/node_modules/request/request.js:198:22)
38 silly fetchPackageMetaData     at emitTwo (events.js:126:13)
38 silly fetchPackageMetaData     at Request.emit (events.js:214:7)
38 silly fetchPackageMetaData     at Request.<anonymous> (/usr/share/npm/node_modules/request/request.js:1082:10)
38 silly fetchPackageMetaData     at emitOne (events.js:121:20)
38 silly fetchPackageMetaData     at Request.emit (events.js:211:7)
38 silly fetchPackageMetaData     at IncomingMessage.<anonymous> (/usr/share/npm/node_modules/request/request.js:1009:12) pkgid: '8.16.0', statusCode: 404, code: 'E404' }
39 silly rollbackFailedOptional Starting
40 silly rollbackFailedOptional Finishing
41 silly runTopLevelLifecycles Starting
42 silly runTopLevelLifecycles Finishing
43 silly install printInstalled
44 verbose stack Error: Not found : 8.16.0
44 verbose stack     at makeError (/usr/share/npm/node_modules/npm-registry-client/lib/request.js:264:12)
44 verbose stack     at CachingRegistryClient.<anonymous> (/usr/share/npm/node_modules/npm-registry-client/lib/request.js:252:14)
44 verbose stack     at Request._callback (/usr/share/npm/node_modules/npm-registry-client/lib/request.js:172:14)
44 verbose stack     at Request.self.callback (/usr/share/npm/node_modules/request/request.js:198:22)
44 verbose stack     at emitTwo (events.js:126:13)
44 verbose stack     at Request.emit (events.js:214:7)
44 verbose stack     at Request.<anonymous> (/usr/share/npm/node_modules/request/request.js:1082:10)
44 verbose stack     at emitOne (events.js:121:20)
44 verbose stack     at Request.emit (events.js:211:7)
44 verbose stack     at IncomingMessage.<anonymous> (/usr/share/npm/node_modules/request/request.js:1009:12)
45 verbose statusCode 404
46 verbose pkgid 8.16.0
47 verbose cwd /home/arthur/Documentos/estudos/ruby/hello_rails
48 error Linux 5.3.0-51-generic
49 error argv "/usr/bin/node" "/usr/bin/npm" "i" "-g" "n" "8.16.0"
50 error node v8.10.0
51 error npm  v3.5.2
52 error code E404
53 error 404 Not found : 8.16.0
54 error 404
55 error 404 '8.16.0' is not in the npm registry.
56 error 404 You should bug the author to publish it (or use the name yourself!)
57 error 404 Note that you can also install from a
58 error 404 tarball, folder, http url, or git url.
59 verbose exit [ 1, true ]
